2023-05-16 14:24: Experiment log path in: C:\Users\Jesse\Desktop\´ð±ç\Traffic_models\TARGCN_wujing\model\experiments\wujing_5_speed\20230516142416
2023-05-16 14:24: Train Epoch 1: 0/161 Loss: 72.275902
2023-05-16 14:24: Train Epoch 1: 20/161 Loss: 72.464584
2023-05-16 14:24: Train Epoch 1: 40/161 Loss: 65.523987
2023-05-16 14:24: Train Epoch 1: 60/161 Loss: 55.822987
2023-05-16 14:24: Train Epoch 1: 80/161 Loss: 46.725979
2023-05-16 14:24: Train Epoch 1: 100/161 Loss: 38.069511
2023-05-16 14:24: Train Epoch 1: 120/161 Loss: 29.086103
2023-05-16 14:24: Train Epoch 1: 140/161 Loss: 17.869301
2023-05-16 14:24: Train Epoch 1: 160/161 Loss: 10.274613
2023-05-16 14:24: **********Train Epoch 1: averaged Loss: 45.674965, tf_ratio: 1.000000
2023-05-16 14:24: **********Val Epoch 1: average Loss: 6.906066
2023-05-16 14:24: ******Current best model saved:model_para/wujing_5_speed/epoch_1.pth!
2023-05-16 14:24: Train Epoch 2: 0/161 Loss: 9.079261
2023-05-16 14:24: Train Epoch 2: 20/161 Loss: 6.059658
2023-05-16 14:24: Train Epoch 2: 40/161 Loss: 6.942424
2023-05-16 14:24: Train Epoch 2: 60/161 Loss: 5.868394
2023-05-16 14:24: Train Epoch 2: 80/161 Loss: 5.645433
2023-05-16 14:24: Train Epoch 2: 100/161 Loss: 5.711748
2023-05-16 14:24: Train Epoch 2: 120/161 Loss: 6.033572
2023-05-16 14:24: Train Epoch 2: 140/161 Loss: 5.451689
2023-05-16 14:24: Train Epoch 2: 160/161 Loss: 5.871345
2023-05-16 14:24: **********Train Epoch 2: averaged Loss: 6.304478, tf_ratio: 1.000000
2023-05-16 14:24: **********Val Epoch 2: average Loss: 4.438970
2023-05-16 14:24: ******Current best model saved:model_para/wujing_5_speed/epoch_2.pth!
2023-05-16 14:24: Train Epoch 3: 0/161 Loss: 5.844632
2023-05-16 14:24: Train Epoch 3: 20/161 Loss: 4.965374
2023-05-16 14:24: Train Epoch 3: 40/161 Loss: 5.252556
2023-05-16 14:24: Train Epoch 3: 60/161 Loss: 5.018571
2023-05-16 14:24: Train Epoch 3: 80/161 Loss: 4.956466
2023-05-16 14:24: Train Epoch 3: 100/161 Loss: 5.463581
2023-05-16 14:24: Train Epoch 3: 120/161 Loss: 5.273661
2023-05-16 14:24: Train Epoch 3: 140/161 Loss: 5.336798
2023-05-16 14:24: Train Epoch 3: 160/161 Loss: 5.381906
2023-05-16 14:24: **********Train Epoch 3: averaged Loss: 5.516237, tf_ratio: 1.000000
2023-05-16 14:24: **********Val Epoch 3: average Loss: 4.353056
2023-05-16 14:24: ******Current best model saved:model_para/wujing_5_speed/epoch_3.pth!
2023-05-16 14:24: Total training time: 0.6120min, best loss: 4.353056
